\BOOKMARK [1][-]{section.1}{Introduction}{}% 1
\BOOKMARK [1][-]{section.2}{Pr\351sentation de "The Chamallow"}{}% 2
\BOOKMARK [2][-]{subsection.2.1}{Le groupe en lui-m\352me }{section.2}% 3
\BOOKMARK [2][-]{subsection.2.2}{Pr\351sentation personnelle de chacun}{section.2}% 4
\BOOKMARK [3][-]{subsubsection.2.2.1}{Thomas "Tetra" DELECROIX }{subsection.2.2}% 5
\BOOKMARK [3][-]{subsubsection.2.2.2}{Marion "Santa" CLAUS}{subsection.2.2}% 6
\BOOKMARK [3][-]{subsubsection.2.2.3}{Charles "Gigi" GINANE}{subsection.2.2}% 7
\BOOKMARK [3][-]{subsubsection.2.2.4}{Laurent "Aluxima" MARCHAUD}{subsection.2.2}% 8
\BOOKMARK [1][-]{section.3}{Pr\351sentation du projet}{}% 9
\BOOKMARK [2][-]{subsection.3.1}{Origine}{section.3}% 10
\BOOKMARK [2][-]{subsection.3.2}{Nature}{section.3}% 11
\BOOKMARK [2][-]{subsection.3.3}{Buts et int\351r\352ts}{section.3}% 12
\BOOKMARK [1][-]{section.4}{Description du projet}{}% 13
\BOOKMARK [2][-]{subsection.4.1}{Les points de notre projet}{section.4}% 14
\BOOKMARK [2][-]{subsection.4.2}{R\351sum\351 de nos objectifs}{section.4}% 15
\BOOKMARK [1][-]{section.5}{Technologie}{}% 16
\BOOKMARK [2][-]{subsection.5.1}{Logiciels}{section.5}% 17
\BOOKMARK [2][-]{subsection.5.2}{Co\373ts}{section.5}% 18
\BOOKMARK [1][-]{section.6}{R\351partition des t\342ches / d\351coupages}{}% 19
\BOOKMARK [2][-]{subsection.6.1}{R\351partition des t\342ches}{section.6}% 20
\BOOKMARK [2][-]{subsection.6.2}{Avancement du projet par soutenances}{section.6}% 21
\BOOKMARK [1][-]{section.7}{Conclusion}{}% 22
