\BOOKMARK [1][-]{section.1}{Introduction :}{}% 1
\BOOKMARK [1][-]{section.2}{Pr\351sentation :}{}% 2
\BOOKMARK [2][-]{subsection.2.1}{Pr\351sentation du groupe:}{section.2}% 3
\BOOKMARK [2][-]{subsection.2.2}{Pr\351sentation du projet:}{section.2}% 4
\BOOKMARK [1][-]{section.3}{La r\351alisation du projet}{}% 5
\BOOKMARK [2][-]{subsection.3.1}{Rappel des objectifs pour la premi\350re soutenance:}{section.3}% 6
\BOOKMARK [2][-]{subsection.3.2}{L\220avancement actuel du projet par rapport au cahier des charges :}{section.3}% 7
\BOOKMARK [3][-]{subsubsection.3.2.1}{Ce qui a \351t\351 fait :}{subsection.3.2}% 8
\BOOKMARK [3][-]{subsubsection.3.2.2}{Ce qu'il reste \340 faire:}{subsection.3.2}% 9
\BOOKMARK [2][-]{subsection.3.3}{Les \351ventuelles difficult\351s rencontr\351es :}{section.3}% 10
\BOOKMARK [2][-]{subsection.3.4}{Tableau r\351capulatif de l'avancement}{section.3}% 11
\BOOKMARK [1][-]{section.4}{Qui a fait quoi ?}{}% 12
\BOOKMARK [2][-]{subsection.4.1}{Marion "Santa" CLAUS :}{section.4}% 13
\BOOKMARK [3][-]{subsubsection.4.1.1}{ce qui a \351t\351 fait :}{subsection.4.1}% 14
\BOOKMARK [3][-]{subsubsection.4.1.2}{Ce qu'il reste \340 faire:}{subsection.4.1}% 15
\BOOKMARK [3][-]{subsubsection.4.1.3}{Conclusion personnelle:}{subsection.4.1}% 16
\BOOKMARK [2][-]{subsection.4.2}{Thomas "Tetra" DELECROIX :}{section.4}% 17
\BOOKMARK [3][-]{subsubsection.4.2.1}{ce qui a \351t\351 fait :}{subsection.4.2}% 18
\BOOKMARK [3][-]{subsubsection.4.2.2}{Ce qu'il reste \340 faire:}{subsection.4.2}% 19
\BOOKMARK [3][-]{subsubsection.4.2.3}{Conclusion personnelle:}{subsection.4.2}% 20
\BOOKMARK [2][-]{subsection.4.3}{Charles "Gigi" GINANE :}{section.4}% 21
\BOOKMARK [3][-]{subsubsection.4.3.1}{ce qui a \351t\351 fait :}{subsection.4.3}% 22
\BOOKMARK [3][-]{subsubsection.4.3.2}{Ce qu'il reste \340 faire:}{subsection.4.3}% 23
\BOOKMARK [3][-]{subsubsection.4.3.3}{Conclusion personnelle:}{subsection.4.3}% 24
\BOOKMARK [2][-]{subsection.4.4}{Laurent "Aluxima" MARCHAUD:}{section.4}% 25
\BOOKMARK [3][-]{subsubsection.4.4.1}{ce qui a \351t\351 fait :}{subsection.4.4}% 26
\BOOKMARK [3][-]{subsubsection.4.4.2}{Ce qu'il reste \340 faire:}{subsection.4.4}% 27
\BOOKMARK [3][-]{subsubsection.4.4.3}{Conclusion personnelle:}{subsection.4.4}% 28
\BOOKMARK [1][-]{section.5}{Le site WEB}{}% 29
\BOOKMARK [1][-]{section.6}{conclusion}{}% 30
