\BOOKMARK [1][-]{section.1}{Introduction}{}% 1
\BOOKMARK [1][-]{section.2}{Rappel du projet :}{}% 2
\BOOKMARK [2][-]{subsection.2.1}{Pr\351sentation du groupe :}{section.2}% 3
\BOOKMARK [2][-]{subsection.2.2}{pr\351sentation du projet :}{section.2}% 4
\BOOKMARK [2][-]{subsection.2.3}{Nos attentes par rapport au projet :}{section.2}% 5
\BOOKMARK [1][-]{section.3}{Les objectifs pour la deuxi\350me soutenance}{}% 6
\BOOKMARK [2][-]{subsection.3.1}{Rappel des objectifs :}{section.3}% 7
\BOOKMARK [2][-]{subsection.3.2}{Ce qui a \351t\351 fait entre la premi\350re soutenance et la deuxi\350me soutenance :}{section.3}% 8
\BOOKMARK [2][-]{subsection.3.3}{Ce qu'il nous reste \340 faire}{section.3}% 9
\BOOKMARK [1][-]{section.4}{Qui a fait quoi ? :}{}% 10
\BOOKMARK [2][-]{subsection.4.1}{Marion "Santa" CLAUS :}{section.4}% 11
\BOOKMARK [3][-]{subsubsection.4.1.1}{Ce qui a \351t\351 fait :}{subsection.4.1}% 12
\BOOKMARK [3][-]{subsubsection.4.1.2}{Ce qu'il reste \340 faire :}{subsection.4.1}% 13
\BOOKMARK [3][-]{subsubsection.4.1.3}{Conslusion personnelle :}{subsection.4.1}% 14
\BOOKMARK [2][-]{subsection.4.2}{Thomas "Tetra" DELECROIX :}{section.4}% 15
\BOOKMARK [3][-]{subsubsection.4.2.1}{Ce qui a \351t\351 fait :}{subsection.4.2}% 16
\BOOKMARK [3][-]{subsubsection.4.2.2}{Ce qu'il reste \340 faire :}{subsection.4.2}% 17
\BOOKMARK [3][-]{subsubsection.4.2.3}{Conslusion personnelle :}{subsection.4.2}% 18
\BOOKMARK [2][-]{subsection.4.3}{Charles "gigi" GINANE :}{section.4}% 19
\BOOKMARK [3][-]{subsubsection.4.3.1}{Ce qui a \351t\351 fait :}{subsection.4.3}% 20
\BOOKMARK [3][-]{subsubsection.4.3.2}{Ce qu'il reste \340 faire :}{subsection.4.3}% 21
\BOOKMARK [3][-]{subsubsection.4.3.3}{Conslusion personnelle :}{subsection.4.3}% 22
\BOOKMARK [2][-]{subsection.4.4}{Laurent "Aluxima" MARCHAUD :}{section.4}% 23
\BOOKMARK [3][-]{subsubsection.4.4.1}{Ce qui a \351t\351 fait :}{subsection.4.4}% 24
\BOOKMARK [3][-]{subsubsection.4.4.2}{Ce qu'il reste \340 faire :}{subsection.4.4}% 25
\BOOKMARK [3][-]{subsubsection.4.4.3}{Conslusion personnelle :}{subsection.4.4}% 26
\BOOKMARK [1][-]{section.5}{Les objectifs pour la soutenance finale :}{}% 27
\BOOKMARK [1][-]{section.6}{Notre ressenti par rapport \340 l'avancement du projet :}{}% 28
\BOOKMARK [1][-]{section.7}{Le multijoueur :}{}% 29
\BOOKMARK [1][-]{section.8}{conclusion}{}% 30
